2024/11/08 09:53:55 Запуск
2024/11/08 09:53:55 Сервер работает на порту 8086
2024/11/08 09:59:47 exit reason: http: Server closed
2024/11/08 09:59:51 Запуск
2024/11/08 09:59:51 Сервер работает на порту 8086
2024/11/08 10:00:13 exit reason: http: Server closed
2024/11/08 10:14:15 Запуск
2024/11/08 10:14:15 Сервер работает на порту 8086
2024/11/08 10:14:34 exit reason: http: Server closed
2024/11/08 10:14:54 Запуск
2024/11/08 10:14:54 Сервер работает на порту 8086
2024/11/08 10:45:15 exit reason: http: Server closed
2024/11/08 10:45:32 Запуск
2024/11/08 10:45:33 Сервер работает на порту 8086
2024/11/08 10:50:59 Запуск
2024/11/08 10:51:00 Сервер работает на порту 8086
2024/11/08 10:52:13 Запуск
2024/11/08 10:52:13 Сервер работает на порту 8086
2024/11/08 10:56:01 Запуск
2024/11/08 10:56:01 Сервер работает на порту 8086
2024/11/08 11:12:28 Запуск
2024/11/08 11:12:28 Сервер работает на порту 8086
2024/11/08 11:17:54 &{0xc00013a090 0xc0000b86c0 {} 0x8c3ec0 true false false false {{} 0} {0 0} 0xc0001208c0 {0xc0000ee1c0 map[] false false} map[] false 64 -1 200 false false false [] {{} 0} [0 0 0 0 0 0 0 0 0 0 0 0 0 0 0 0 0 0 0 0 0 0 0 0 0 0 0 0 0] [0 0 0 0 0 0 0 0 0 0] [0 0 0] 0xc00044a150 {{} 0}} Корневая директория не существует
2024/11/08 11:18:37 Запуск
2024/11/08 11:18:37 Сервер работает на порту 8086
2024/11/08 11:25:04 &{0xc000176a20 0xc0001de000 {} 0x10d3ec0 true false false false {{} 0} {0 0} 0xc00041c040 {0xc0001f8000 map[] false false} map[] false 64 -1 200 false false false [] {{} 0} [0 0 0 0 0 0 0 0 0 0 0 0 0 0 0 0 0 0 0 0 0 0 0 0 0 0 0 0 0] [0 0 0 0 0 0 0 0 0 0] [0 0 0] 0xc0001d6930 {{} 0}} Корневая директория не существует
2024/11/08 11:25:24 Запуск
2024/11/08 11:25:24 Сервер работает на порту 8086
2024/11/08 11:27:06 &{0xc0001b6090 0xc00016a000 {} 0xbc3ec0 true false false false {{} 0} {0 0} 0xc00008a300 {0xc00017a000 map[] false false} map[] false 73 -1 200 false false false [] {{} 0} [0 0 0 0 0 0 0 0 0 0 0 0 0 0 0 0 0 0 0 0 0 0 0 0 0 0 0 0 0] [0 0 0 0 0 0 0 0 0 0] [0 0 0] 0xc0002b70a0 {{} 0}} open C:\Users\alexd\AppData\Local\ElevatedDiagnostics: Access is denied.
